<?xml version="1.0" encoding="UTF-8"?>
<testng-results skipped="0" failed="0" ignored="0" total="1" passed="1">
  <reporter-output>
  </reporter-output>
  <suite name="test.com.CarTest" duration-ms="27" started-at="2019-03-16T20:22:09Z" finished-at="2019-03-16T20:22:09Z">
    <groups>
    </groups>
    <test name="Command line test" duration-ms="27" started-at="2019-03-16T20:22:09Z" finished-at="2019-03-16T20:22:09Z">
      <class name="test.com.CarTest">
        <test-method status="PASS" signature="setUpClass()[pri:0, instance:test.com.CarTest@7cf10a6f]" name="setUpClass" is-config="true" duration-ms="10" started-at="2019-03-16T20:22:09Z" finished-at="2019-03-16T20:22:09Z">
          <reporter-output>
          </reporter-output>
        </test-method> <!-- setUpClass -->
        <test-method status="PASS" signature="setUpMethod()[pri:0, instance:test.com.CarTest@7cf10a6f]" name="setUpMethod" is-config="true" duration-ms="2" started-at="2019-03-16T20:22:09Z" finished-at="2019-03-16T20:22:09Z">
          <reporter-output>
          </reporter-output>
        </test-method> <!-- setUpMethod -->
        <test-method status="PASS" signature="validateModel()[pri:0, instance:test.com.CarTest@7cf10a6f]" name="validateModel" duration-ms="2" started-at="2019-03-16T20:22:09Z" finished-at="2019-03-16T20:22:09Z">
          <reporter-output>
          </reporter-output>
        </test-method> <!-- validateModel -->
        <test-method status="PASS" signature="tearDownClass()[pri:0, instance:test.com.CarTest@7cf10a6f]" name="tearDownClass" is-config="true" duration-ms="0" started-at="2019-03-16T20:22:09Z" finished-at="2019-03-16T20:22:09Z">
          <reporter-output>
          </reporter-output>
        </test-method> <!-- tearDownClass -->
        <test-method status="PASS" signature="tearDownMethod()[pri:0, instance:test.com.CarTest@7cf10a6f]" name="tearDownMethod" is-config="true" duration-ms="0" started-at="2019-03-16T20:22:09Z" finished-at="2019-03-16T20:22:09Z">
          <reporter-output>
          </reporter-output>
        </test-method> <!-- tearDownMethod -->
      </class> <!-- test.com.CarTest -->
    </test> <!-- Command line test -->
  </suite> <!-- test.com.CarTest -->
</testng-results>
